<?xml version="1.0" encoding="UTF-8"?>
<!-- Generated by org.testng.reporters.JUnitXMLReporter -->
<testsuite hostname="DESKTOP-HFO86V8" ignored="0" name="Default test" tests="4" failures="0" timestamp="2020-11-28T22:14:23 IST" time="61.643" errors="0">
  <testcase name="loginTest" time="18.74" classname="datadriventesting.DataDriven"/>
  <testcase name="loginTest" time="5.875" classname="datadriventesting.DataDriven"/>
  <testcase name="loginTest" time="10.045" classname="datadriventesting.DataDriven"/>
  <testcase name="loginTest" time="17.318" classname="datadriventesting.DataDriven"/>
</testsuite> <!-- Default test -->
