<?xml version="1.0" encoding="UTF-8"?>
<testng-results skipped="0" failed="0" ignored="0" total="4" passed="4">
  <reporter-output>
  </reporter-output>
  <suite name="Default suite" duration-ms="61643" started-at="2020-11-28T22:13:21 IST" finished-at="2020-11-28T22:14:22 IST">
    <groups>
    </groups>
    <test name="Default test" duration-ms="61643" started-at="2020-11-28T22:13:21 IST" finished-at="2020-11-28T22:14:22 IST">
      <class name="datadriventesting.DataDriven">
        <test-method status="PASS" signature="setup()[pri:0, instance:datadriventesting.DataDriven@6e6c3152]" name="setup" is-config="true" duration-ms="8982" started-at="2020-11-28T22:13:21 IST" finished-at="2020-11-28T22:13:30 IST">
          <reporter-output>
          </reporter-output>
        </test-method> <!-- setup -->
        <test-method status="PASS" signature="loginTest(java.lang.String, java.lang.String, java.lang.String)[pri:0, instance:datadriventesting.DataDriven@6e6c3152]" name="loginTest" duration-ms="18740" started-at="2020-11-28T22:13:30 IST" data-provider="loginData" finished-at="2020-11-28T22:13:49 IST">
          <params>
            <param index="0">
              <value>
                <![CDATA[sureshhande28@gmail.com]]>
              </value>
            </param>
            <param index="1">
              <value>
                <![CDATA[loveuaai]]>
              </value>
            </param>
            <param index="2">
              <value>
                <![CDATA[pass]]>
              </value>
            </param>
          </params>
          <reporter-output>
          </reporter-output>
        </test-method> <!-- loginTest -->
        <test-method status="PASS" signature="loginTest(java.lang.String, java.lang.String, java.lang.String)[pri:0, instance:datadriventesting.DataDriven@6e6c3152]" name="loginTest" duration-ms="5875" started-at="2020-11-28T22:13:49 IST" data-provider="loginData" finished-at="2020-11-28T22:13:54 IST">
          <params>
            <param index="0">
              <value>
                <![CDATA[sureshhande28@gmail.com]]>
              </value>
            </param>
            <param index="1">
              <value>
                <![CDATA[aai]]>
              </value>
            </param>
            <param index="2">
              <value>
                <![CDATA[fail]]>
              </value>
            </param>
          </params>
          <reporter-output>
          </reporter-output>
        </test-method> <!-- loginTest -->
        <test-method status="PASS" signature="loginTest(java.lang.String, java.lang.String, java.lang.String)[pri:0, instance:datadriventesting.DataDriven@6e6c3152]" name="loginTest" duration-ms="10045" started-at="2020-11-28T22:13:54 IST" data-provider="loginData" finished-at="2020-11-28T22:14:04 IST">
          <params>
            <param index="0">
              <value>
                <![CDATA[sureshhande@gmail.com]]>
              </value>
            </param>
            <param index="1">
              <value>
                <![CDATA[loveuaai]]>
              </value>
            </param>
            <param index="2">
              <value>
                <![CDATA[fail]]>
              </value>
            </param>
          </params>
          <reporter-output>
          </reporter-output>
        </test-method> <!-- loginTest -->
        <test-method status="PASS" signature="loginTest(java.lang.String, java.lang.String, java.lang.String)[pri:0, instance:datadriventesting.DataDriven@6e6c3152]" name="loginTest" duration-ms="17318" started-at="2020-11-28T22:14:04 IST" data-provider="loginData" finished-at="2020-11-28T22:14:22 IST">
          <params>
            <param index="0">
              <value>
                <![CDATA[suresh@gmail.com]]>
              </value>
            </param>
            <param index="1">
              <value>
                <![CDATA[love]]>
              </value>
            </param>
            <param index="2">
              <value>
                <![CDATA[fail]]>
              </value>
            </param>
          </params>
          <reporter-output>
          </reporter-output>
        </test-method> <!-- loginTest -->
        <test-method status="PASS" signature="tearDown()[pri:0, instance:datadriventesting.DataDriven@6e6c3152]" name="tearDown" is-config="true" duration-ms="515" started-at="2020-11-28T22:14:22 IST" finished-at="2020-11-28T22:14:22 IST">
          <reporter-output>
          </reporter-output>
        </test-method> <!-- tearDown -->
      </class> <!-- datadriventesting.DataDriven -->
    </test> <!-- Default test -->
  </suite> <!-- Default suite -->
</testng-results>
